<?xml version="1.0" encoding="UTF-8"?>
<testng-results ignored="0" total="2" passed="2" failed="0" skipped="0">
  <reporter-output>
  </reporter-output>
  <suite started-at="2020-04-28T23:42:39 EDT" name="Default suite" finished-at="2020-04-28T23:43:16 EDT" duration-ms="36483">
    <groups>
    </groups>
    <test started-at="2020-04-28T23:42:39 EDT" name="Default test" finished-at="2020-04-28T23:43:16 EDT" duration-ms="36483">
      <class name="testNGTest.VerifyRadioButton">
        <test-method signature="VerifyRadioButton()[pri:0, instance:testNGTest.VerifyRadioButton@7a4ccb53]" started-at="2020-04-28T23:42:39 EDT" name="VerifyRadioButton" finished-at="2020-04-28T23:42:54 EDT" duration-ms="15173" status="PASS">
          <reporter-output>
          </reporter-output>
        </test-method> <!-- VerifyRadioButton -->
        <test-method signature="verifyAllRadioButton()[pri:0, instance:testNGTest.VerifyRadioButton@7a4ccb53]" started-at="2020-04-28T23:42:54 EDT" name="verifyAllRadioButton" finished-at="2020-04-28T23:43:16 EDT" duration-ms="21262" status="PASS">
          <reporter-output>
          </reporter-output>
        </test-method> <!-- verifyAllRadioButton -->
      </class> <!-- testNGTest.VerifyRadioButton -->
    </test> <!-- Default test -->
  </suite> <!-- Default suite -->
</testng-results>
