<?xml version="1.0" encoding="UTF-8"?>
<testng-results ignored="0" total="1" passed="1" failed="0" skipped="0">
  <reporter-output>
  </reporter-output>
  <suite started-at="2020-05-06T00:05:26 EDT" name="Default suite" finished-at="2020-05-06T00:05:42 EDT" duration-ms="15666">
    <groups>
    </groups>
    <test started-at="2020-05-06T00:05:26 EDT" name="Default test" finished-at="2020-05-06T00:05:42 EDT" duration-ms="15666">
      <class name="testNGTest.MouseHoverTest">
        <test-method signature="testMouseHover()[pri:0, instance:testNGTest.MouseHoverTest@4df50bcc]" started-at="2020-05-06T00:05:26 EDT" name="testMouseHover" finished-at="2020-05-06T00:05:42 EDT" duration-ms="15624" status="PASS">
          <reporter-output>
          </reporter-output>
        </test-method> <!-- testMouseHover -->
      </class> <!-- testNGTest.MouseHoverTest -->
    </test> <!-- Default test -->
  </suite> <!-- Default suite -->
</testng-results>
